<?xml version="1.0" encoding="UTF-8"?>
<coverage generated="1772410771623" clover="3.2.0">
  <project timestamp="1772410771623" name="All files">
    <metrics statements="43" coveredstatements="40" conditionals="17" coveredconditionals="13" methods="29" coveredmethods="26" elements="89" coveredelements="79" complexity="0" loc="43" ncloc="43" packages="3" files="15" classes="15"/>
    <package name="components">
      <metrics statements="33" coveredstatements="30" conditionals="14" coveredconditionals="11" methods="24" coveredmethods="21"/>
      <file name="alert.tsx" path="/Users/will/Documents/dev/vienna/packages/ui/src/components/alert.tsx">
        <metrics statements="4" coveredstatements="4" conditionals="0" coveredconditionals="0" methods="3" coveredmethods="3"/>
        <line num="22" count="1" type="stmt"/>
        <line num="43" count="1" type="stmt"/>
        <line num="54" count="1" type="stmt"/>
        <line num="64" count="1" type="stmt"/>
      </file>
      <file name="badge.tsx" path="/Users/will/Documents/dev/vienna/packages/ui/src/components/badge.tsx">
        <metrics statements="3" coveredstatements="3" conditionals="4" coveredconditionals="3" methods="1" coveredmethods="1"/>
        <line num="20" count="1" type="stmt"/>
        <line num="47" count="1" type="cond" truecount="1" falsecount="1"/>
        <line num="49" count="1" type="stmt"/>
      </file>
      <file name="button.tsx" path="/Users/will/Documents/dev/vienna/packages/ui/src/components/button.tsx">
        <metrics statements="3" coveredstatements="3" conditionals="5" coveredconditionals="4" methods="1" coveredmethods="1"/>
        <line num="21" count="1" type="stmt"/>
        <line num="63" count="1" type="cond" truecount="1" falsecount="1"/>
        <line num="64" count="1" type="stmt"/>
      </file>
      <file name="card.tsx" path="/Users/will/Documents/dev/vienna/packages/ui/src/components/card.tsx">
        <metrics statements="7" coveredstatements="4" conditionals="0" coveredconditionals="0" methods="7" coveredmethods="4"/>
        <line num="25" count="1" type="stmt"/>
        <line num="38" count="1" type="stmt"/>
        <line num="51" count="1" type="stmt"/>
        <line num="61" count="0" type="stmt"/>
        <line num="71" count="0" type="stmt"/>
        <line num="81" count="1" type="stmt"/>
        <line num="85" count="0" type="stmt"/>
      </file>
      <file name="input.tsx" path="/Users/will/Documents/dev/vienna/packages/ui/src/components/input.tsx">
        <metrics statements="1" coveredstatements="1" conditionals="0" coveredconditionals="0" methods="1" coveredmethods="1"/>
        <line num="19" count="1" type="stmt"/>
      </file>
      <file name="label.tsx" path="/Users/will/Documents/dev/vienna/packages/ui/src/components/label.tsx">
        <metrics statements="1" coveredstatements="1" conditionals="0" coveredconditionals="0" methods="1" coveredmethods="1"/>
        <line num="18" count="1" type="stmt"/>
      </file>
      <file name="progress.tsx" path="/Users/will/Documents/dev/vienna/packages/ui/src/components/progress.tsx">
        <metrics statements="1" coveredstatements="1" conditionals="2" coveredconditionals="1" methods="1" coveredmethods="1"/>
        <line num="22" count="1" type="stmt"/>
      </file>
      <file name="separator.tsx" path="/Users/will/Documents/dev/vienna/packages/ui/src/components/separator.tsx">
        <metrics statements="1" coveredstatements="1" conditionals="2" coveredconditionals="2" methods="1" coveredmethods="1"/>
        <line num="24" count="1" type="stmt"/>
      </file>
      <file name="skeleton.tsx" path="/Users/will/Documents/dev/vienna/packages/ui/src/components/skeleton.tsx">
        <metrics statements="1" coveredstatements="1" conditionals="0" coveredconditionals="0" methods="1" coveredmethods="1"/>
        <line num="17" count="1" type="stmt"/>
      </file>
      <file name="spinner.tsx" path="/Users/will/Documents/dev/vienna/packages/ui/src/components/spinner.tsx">
        <metrics statements="4" coveredstatements="4" conditionals="1" coveredconditionals="1" methods="1" coveredmethods="1"/>
        <line num="18" count="1" type="stmt"/>
        <line num="47" count="1" type="stmt"/>
        <line num="49" count="1" type="stmt"/>
        <line num="79" count="1" type="stmt"/>
      </file>
      <file name="tabs.tsx" path="/Users/will/Documents/dev/vienna/packages/ui/src/components/tabs.tsx">
        <metrics statements="4" coveredstatements="4" conditionals="0" coveredconditionals="0" methods="4" coveredmethods="4"/>
        <line num="24" count="1" type="stmt"/>
        <line num="34" count="1" type="stmt"/>
        <line num="47" count="2" type="stmt"/>
        <line num="60" count="2" type="stmt"/>
      </file>
      <file name="textarea.tsx" path="/Users/will/Documents/dev/vienna/packages/ui/src/components/textarea.tsx">
        <metrics statements="1" coveredstatements="1" conditionals="0" coveredconditionals="0" methods="1" coveredmethods="1"/>
        <line num="17" count="1" type="stmt"/>
      </file>
      <file name="toggle.tsx" path="/Users/will/Documents/dev/vienna/packages/ui/src/components/toggle.tsx">
        <metrics statements="2" coveredstatements="2" conditionals="0" coveredconditionals="0" methods="1" coveredmethods="1"/>
        <line num="19" count="1" type="stmt"/>
        <line num="47" count="1" type="stmt"/>
      </file>
    </package>
    <package name="hooks">
      <metrics statements="9" coveredstatements="9" conditionals="3" coveredconditionals="2" methods="4" coveredmethods="4"/>
      <file name="use-compact-mode.ts" path="/Users/will/Documents/dev/vienna/packages/ui/src/hooks/use-compact-mode.ts">
        <metrics statements="9" coveredstatements="9" conditionals="3" coveredconditionals="2" methods="4" coveredmethods="4"/>
        <line num="17" count="1" type="stmt"/>
        <line num="20" count="9" type="stmt"/>
        <line num="24" count="9" type="stmt"/>
        <line num="25" count="6" type="stmt"/>
        <line num="26" count="6" type="stmt"/>
        <line num="28" count="6" type="stmt"/>
        <line num="29" count="6" type="stmt"/>
        <line num="30" count="6" type="stmt"/>
        <line num="33" count="9" type="stmt"/>
      </file>
    </package>
    <package name="utils">
      <metrics statements="1" coveredstatements="1" conditionals="0" coveredconditionals="0" methods="1" coveredmethods="1"/>
      <file name="cn.ts" path="/Users/will/Documents/dev/vienna/packages/ui/src/utils/cn.ts">
        <metrics statements="1" coveredstatements="1" conditionals="0" coveredconditionals="0" methods="1" coveredmethods="1"/>
        <line num="23" count="28" type="stmt"/>
      </file>
    </package>
  </project>
</coverage>
