{"/Users/will/Documents/dev/vienna/packages/ui/src/components/alert.tsx": {"path":"/Users/will/Documents/dev/vienna/packages/ui/src/components/alert.tsx","statementMap":{"0":{"start":{"line":22,"column":6},"end":{"line":36,"column":null}},"1":{"start":{"line":43,"column":2},"end":{"line":49,"column":null}},"2":{"start":{"line":54,"column":2},"end":{"line":59,"column":null}},"3":{"start":{"line":64,"column":2},"end":{"line":72,"column":null}}},"fnMap":{"0":{"name":"Alert","decl":{"start":{"line":38,"column":9},"end":{"line":38,"column":15}},"loc":{"start":{"line":42,"column":69},"end":{"line":51,"column":null}},"line":42},"1":{"name":"AlertTitle","decl":{"start":{"line":53,"column":9},"end":{"line":53,"column":20}},"loc":{"start":{"line":53,"column":74},"end":{"line":61,"column":null}},"line":53},"2":{"name":"AlertDescription","decl":{"start":{"line":63,"column":9},"end":{"line":63,"column":26}},"loc":{"start":{"line":63,"column":80},"end":{"line":74,"column":null}},"line":63}},"branchMap":{},"s":{"0":1,"1":1,"2":1,"3":1},"f":{"0":1,"1":1,"2":1},"b":{},"meta":{"lastBranch":0,"lastFunction":3,"lastStatement":4,"seen":{"s:22:6:36:Infinity":0,"f:38:9:38:15":0,"s:43:2:49:Infinity":1,"f:53:9:53:20":1,"s:54:2:59:Infinity":2,"f:63:9:63:26":2,"s:64:2:72:Infinity":3}}}
,"/Users/will/Documents/dev/vienna/packages/ui/src/components/badge.tsx": {"path":"/Users/will/Documents/dev/vienna/packages/ui/src/components/badge.tsx","statementMap":{"0":{"start":{"line":20,"column":6},"end":{"line":39,"column":null}},"1":{"start":{"line":47,"column":15},"end":{"line":47,"column":null}},"2":{"start":{"line":49,"column":2},"end":{"line":55,"column":null}}},"fnMap":{"0":{"name":"Badge","decl":{"start":{"line":41,"column":9},"end":{"line":41,"column":15}},"loc":{"start":{"line":46,"column":94},"end":{"line":57,"column":null}},"line":46}},"branchMap":{"0":{"loc":{"start":{"line":43,"column":2},"end":{"line":43,"column":null}},"type":"default-arg","locations":[{"start":{"line":43,"column":12},"end":{"line":43,"column":null}}],"line":43},"1":{"loc":{"start":{"line":44,"column":2},"end":{"line":44,"column":null}},"type":"default-arg","locations":[{"start":{"line":44,"column":12},"end":{"line":44,"column":null}}],"line":44},"2":{"loc":{"start":{"line":47,"column":15},"end":{"line":47,"column":null}},"type":"cond-expr","locations":[{"start":{"line":47,"column":25},"end":{"line":47,"column":32}},{"start":{"line":47,"column":32},"end":{"line":47,"column":null}}],"line":47}},"s":{"0":1,"1":1,"2":1},"f":{"0":1},"b":{"0":[1],"1":[1],"2":[0,1]},"meta":{"lastBranch":3,"lastFunction":1,"lastStatement":3,"seen":{"s:20:6:39:Infinity":0,"f:41:9:41:15":0,"b:43:12:43:Infinity":0,"b:44:12:44:Infinity":1,"s:47:15:47:Infinity":1,"b:47:25:47:32:47:32:47:Infinity":2,"s:49:2:55:Infinity":2}}}
,"/Users/will/Documents/dev/vienna/packages/ui/src/components/button.tsx": {"path":"/Users/will/Documents/dev/vienna/packages/ui/src/components/button.tsx","statementMap":{"0":{"start":{"line":21,"column":6},"end":{"line":51,"column":null}},"1":{"start":{"line":63,"column":15},"end":{"line":63,"column":null}},"2":{"start":{"line":64,"column":2},"end":{"line":71,"column":null}}},"fnMap":{"0":{"name":"Button","decl":{"start":{"line":53,"column":9},"end":{"line":53,"column":16}},"loc":{"start":{"line":62,"column":5},"end":{"line":73,"column":null}},"line":62}},"branchMap":{"0":{"loc":{"start":{"line":55,"column":2},"end":{"line":55,"column":null}},"type":"default-arg","locations":[{"start":{"line":55,"column":12},"end":{"line":55,"column":null}}],"line":55},"1":{"loc":{"start":{"line":56,"column":2},"end":{"line":56,"column":null}},"type":"default-arg","locations":[{"start":{"line":56,"column":9},"end":{"line":56,"column":null}}],"line":56},"2":{"loc":{"start":{"line":57,"column":2},"end":{"line":57,"column":null}},"type":"default-arg","locations":[{"start":{"line":57,"column":12},"end":{"line":57,"column":null}}],"line":57},"3":{"loc":{"start":{"line":63,"column":15},"end":{"line":63,"column":null}},"type":"cond-expr","locations":[{"start":{"line":63,"column":25},"end":{"line":63,"column":32}},{"start":{"line":63,"column":32},"end":{"line":63,"column":null}}],"line":63}},"s":{"0":1,"1":1,"2":1},"f":{"0":1},"b":{"0":[1],"1":[1],"2":[1],"3":[0,1]},"meta":{"lastBranch":4,"lastFunction":1,"lastStatement":3,"seen":{"s:21:6:51:Infinity":0,"f:53:9:53:16":0,"b:55:12:55:Infinity":0,"b:56:9:56:Infinity":1,"b:57:12:57:Infinity":2,"s:63:15:63:Infinity":1,"b:63:25:63:32:63:32:63:Infinity":3,"s:64:2:71:Infinity":2}}}
,"/Users/will/Documents/dev/vienna/packages/ui/src/components/card.tsx": {"path":"/Users/will/Documents/dev/vienna/packages/ui/src/components/card.tsx","statementMap":{"0":{"start":{"line":25,"column":2},"end":{"line":33,"column":null}},"1":{"start":{"line":38,"column":2},"end":{"line":46,"column":null}},"2":{"start":{"line":51,"column":2},"end":{"line":56,"column":null}},"3":{"start":{"line":61,"column":2},"end":{"line":66,"column":null}},"4":{"start":{"line":71,"column":2},"end":{"line":76,"column":null}},"5":{"start":{"line":81,"column":2},"end":{"line":81,"column":null}},"6":{"start":{"line":85,"column":2},"end":{"line":90,"column":null}}},"fnMap":{"0":{"name":"Card","decl":{"start":{"line":24,"column":9},"end":{"line":24,"column":14}},"loc":{"start":{"line":24,"column":68},"end":{"line":35,"column":null}},"line":24},"1":{"name":"CardHeader","decl":{"start":{"line":37,"column":9},"end":{"line":37,"column":20}},"loc":{"start":{"line":37,"column":74},"end":{"line":48,"column":null}},"line":37},"2":{"name":"CardTitle","decl":{"start":{"line":50,"column":9},"end":{"line":50,"column":19}},"loc":{"start":{"line":50,"column":73},"end":{"line":58,"column":null}},"line":50},"3":{"name":"CardDescription","decl":{"start":{"line":60,"column":9},"end":{"line":60,"column":25}},"loc":{"start":{"line":60,"column":79},"end":{"line":68,"column":null}},"line":60},"4":{"name":"CardAction","decl":{"start":{"line":70,"column":9},"end":{"line":70,"column":20}},"loc":{"start":{"line":70,"column":74},"end":{"line":78,"column":null}},"line":70},"5":{"name":"CardContent","decl":{"start":{"line":80,"column":9},"end":{"line":80,"column":21}},"loc":{"start":{"line":80,"column":75},"end":{"line":82,"column":null}},"line":80},"6":{"name":"CardFooter","decl":{"start":{"line":84,"column":9},"end":{"line":84,"column":20}},"loc":{"start":{"line":84,"column":74},"end":{"line":92,"column":null}},"line":84}},"branchMap":{},"s":{"0":1,"1":1,"2":1,"3":0,"4":0,"5":1,"6":0},"f":{"0":1,"1":1,"2":1,"3":0,"4":0,"5":1,"6":0},"b":{},"meta":{"lastBranch":0,"lastFunction":7,"lastStatement":7,"seen":{"f:24:9:24:14":0,"s:25:2:33:Infinity":0,"f:37:9:37:20":1,"s:38:2:46:Infinity":1,"f:50:9:50:19":2,"s:51:2:56:Infinity":2,"f:60:9:60:25":3,"s:61:2:66:Infinity":3,"f:70:9:70:20":4,"s:71:2:76:Infinity":4,"f:80:9:80:21":5,"s:81:2:81:Infinity":5,"f:84:9:84:20":6,"s:85:2:90:Infinity":6}}}
,"/Users/will/Documents/dev/vienna/packages/ui/src/components/input.tsx": {"path":"/Users/will/Documents/dev/vienna/packages/ui/src/components/input.tsx","statementMap":{"0":{"start":{"line":19,"column":2},"end":{"line":30,"column":null}}},"fnMap":{"0":{"name":"Input","decl":{"start":{"line":18,"column":9},"end":{"line":18,"column":15}},"loc":{"start":{"line":18,"column":77},"end":{"line":32,"column":null}},"line":18}},"branchMap":{},"s":{"0":1},"f":{"0":1},"b":{},"meta":{"lastBranch":0,"lastFunction":1,"lastStatement":1,"seen":{"f:18:9:18:15":0,"s:19:2:30:Infinity":0}}}
,"/Users/will/Documents/dev/vienna/packages/ui/src/components/label.tsx": {"path":"/Users/will/Documents/dev/vienna/packages/ui/src/components/label.tsx","statementMap":{"0":{"start":{"line":18,"column":2},"end":{"line":26,"column":null}}},"fnMap":{"0":{"name":"Label","decl":{"start":{"line":17,"column":9},"end":{"line":17,"column":15}},"loc":{"start":{"line":17,"column":90},"end":{"line":28,"column":null}},"line":17}},"branchMap":{},"s":{"0":1},"f":{"0":1},"b":{},"meta":{"lastBranch":0,"lastFunction":1,"lastStatement":1,"seen":{"f:17:9:17:15":0,"s:18:2:26:Infinity":0}}}
,"/Users/will/Documents/dev/vienna/packages/ui/src/components/progress.tsx": {"path":"/Users/will/Documents/dev/vienna/packages/ui/src/components/progress.tsx","statementMap":{"0":{"start":{"line":22,"column":2},"end":{"line":33,"column":null}}},"fnMap":{"0":{"name":"Progress","decl":{"start":{"line":17,"column":9},"end":{"line":17,"column":18}},"loc":{"start":{"line":21,"column":56},"end":{"line":35,"column":null}},"line":21}},"branchMap":{"0":{"loc":{"start":{"line":31,"column":50},"end":{"line":31,"column":61}},"type":"binary-expr","locations":[{"start":{"line":31,"column":50},"end":{"line":31,"column":59}},{"start":{"line":31,"column":59},"end":{"line":31,"column":61}}],"line":31}},"s":{"0":1},"f":{"0":1},"b":{"0":[1,0]},"meta":{"lastBranch":1,"lastFunction":1,"lastStatement":1,"seen":{"f:17:9:17:18":0,"s:22:2:33:Infinity":0,"b:31:50:31:59:31:59:31:61":0}}}
,"/Users/will/Documents/dev/vienna/packages/ui/src/components/separator.tsx": {"path":"/Users/will/Documents/dev/vienna/packages/ui/src/components/separator.tsx","statementMap":{"0":{"start":{"line":24,"column":2},"end":{"line":34,"column":null}}},"fnMap":{"0":{"name":"Separator","decl":{"start":{"line":18,"column":9},"end":{"line":18,"column":19}},"loc":{"start":{"line":23,"column":57},"end":{"line":36,"column":null}},"line":23}},"branchMap":{"0":{"loc":{"start":{"line":20,"column":2},"end":{"line":20,"column":null}},"type":"default-arg","locations":[{"start":{"line":20,"column":16},"end":{"line":20,"column":null}}],"line":20},"1":{"loc":{"start":{"line":21,"column":2},"end":{"line":21,"column":null}},"type":"default-arg","locations":[{"start":{"line":21,"column":15},"end":{"line":21,"column":null}}],"line":21}},"s":{"0":1},"f":{"0":1},"b":{"0":[1],"1":[1]},"meta":{"lastBranch":2,"lastFunction":1,"lastStatement":1,"seen":{"f:18:9:18:19":0,"b:20:16:20:Infinity":0,"b:21:15:21:Infinity":1,"s:24:2:34:Infinity":0}}}
,"/Users/will/Documents/dev/vienna/packages/ui/src/components/skeleton.tsx": {"path":"/Users/will/Documents/dev/vienna/packages/ui/src/components/skeleton.tsx","statementMap":{"0":{"start":{"line":17,"column":2},"end":{"line":22,"column":null}}},"fnMap":{"0":{"name":"Skeleton","decl":{"start":{"line":16,"column":9},"end":{"line":16,"column":18}},"loc":{"start":{"line":16,"column":72},"end":{"line":24,"column":null}},"line":16}},"branchMap":{},"s":{"0":1},"f":{"0":1},"b":{},"meta":{"lastBranch":0,"lastFunction":1,"lastStatement":1,"seen":{"f:16:9:16:18":0,"s:17:2:22:Infinity":0}}}
,"/Users/will/Documents/dev/vienna/packages/ui/src/components/spinner.tsx": {"path":"/Users/will/Documents/dev/vienna/packages/ui/src/components/spinner.tsx","statementMap":{"0":{"start":{"line":18,"column":6},"end":{"line":38,"column":null}},"1":{"start":{"line":47,"column":16},"end":{"line":77,"column":null}},"2":{"start":{"line":49,"column":4},"end":{"line":74,"column":null}},"3":{"start":{"line":79,"column":0},"end":{"line":79,"column":null}}},"fnMap":{"0":{"name":"(anonymous_0)","decl":{"start":{"line":48,"column":2},"end":{"line":48,"column":3}},"loc":{"start":{"line":48,"column":70},"end":{"line":76,"column":null}},"line":48}},"branchMap":{"0":{"loc":{"start":{"line":48,"column":31},"end":{"line":48,"column":50}},"type":"default-arg","locations":[{"start":{"line":48,"column":39},"end":{"line":48,"column":50}}],"line":48}},"s":{"0":1,"1":1,"2":1,"3":1},"f":{"0":1},"b":{"0":[1]},"meta":{"lastBranch":1,"lastFunction":1,"lastStatement":4,"seen":{"s:18:6:38:Infinity":0,"s:47:16:77:Infinity":1,"f:48:2:48:3":0,"b:48:39:48:50":0,"s:49:4:74:Infinity":2,"s:79:0:79:Infinity":3}}}
,"/Users/will/Documents/dev/vienna/packages/ui/src/components/tabs.tsx": {"path":"/Users/will/Documents/dev/vienna/packages/ui/src/components/tabs.tsx","statementMap":{"0":{"start":{"line":24,"column":2},"end":{"line":29,"column":null}},"1":{"start":{"line":34,"column":2},"end":{"line":42,"column":null}},"2":{"start":{"line":47,"column":2},"end":{"line":55,"column":null}},"3":{"start":{"line":60,"column":2},"end":{"line":65,"column":null}}},"fnMap":{"0":{"name":"Tabs","decl":{"start":{"line":23,"column":9},"end":{"line":23,"column":14}},"loc":{"start":{"line":23,"column":88},"end":{"line":31,"column":null}},"line":23},"1":{"name":"TabsList","decl":{"start":{"line":33,"column":9},"end":{"line":33,"column":18}},"loc":{"start":{"line":33,"column":92},"end":{"line":44,"column":null}},"line":33},"2":{"name":"TabsTrigger","decl":{"start":{"line":46,"column":9},"end":{"line":46,"column":21}},"loc":{"start":{"line":46,"column":98},"end":{"line":57,"column":null}},"line":46},"3":{"name":"TabsContent","decl":{"start":{"line":59,"column":9},"end":{"line":59,"column":21}},"loc":{"start":{"line":59,"column":98},"end":{"line":67,"column":null}},"line":59}},"branchMap":{},"s":{"0":1,"1":1,"2":2,"3":2},"f":{"0":1,"1":1,"2":2,"3":2},"b":{},"meta":{"lastBranch":0,"lastFunction":4,"lastStatement":4,"seen":{"f:23:9:23:14":0,"s:24:2:29:Infinity":0,"f:33:9:33:18":1,"s:34:2:42:Infinity":1,"f:46:9:46:21":2,"s:47:2:55:Infinity":2,"f:59:9:59:21":3,"s:60:2:65:Infinity":3}}}
,"/Users/will/Documents/dev/vienna/packages/ui/src/components/textarea.tsx": {"path":"/Users/will/Documents/dev/vienna/packages/ui/src/components/textarea.tsx","statementMap":{"0":{"start":{"line":17,"column":2},"end":{"line":25,"column":null}}},"fnMap":{"0":{"name":"Textarea","decl":{"start":{"line":16,"column":9},"end":{"line":16,"column":18}},"loc":{"start":{"line":16,"column":77},"end":{"line":27,"column":null}},"line":16}},"branchMap":{},"s":{"0":1},"f":{"0":1},"b":{},"meta":{"lastBranch":0,"lastFunction":1,"lastStatement":1,"seen":{"f:16:9:16:18":0,"s:17:2:25:Infinity":0}}}
,"/Users/will/Documents/dev/vienna/packages/ui/src/components/toggle.tsx": {"path":"/Users/will/Documents/dev/vienna/packages/ui/src/components/toggle.tsx","statementMap":{"0":{"start":{"line":19,"column":6},"end":{"line":39,"column":null}},"1":{"start":{"line":47,"column":2},"end":{"line":52,"column":null}}},"fnMap":{"0":{"name":"Toggle","decl":{"start":{"line":41,"column":9},"end":{"line":41,"column":16}},"loc":{"start":{"line":46,"column":92},"end":{"line":54,"column":null}},"line":46}},"branchMap":{},"s":{"0":1,"1":1},"f":{"0":1},"b":{},"meta":{"lastBranch":0,"lastFunction":1,"lastStatement":2,"seen":{"s:19:6:39:Infinity":0,"f:41:9:41:16":0,"s:47:2:52:Infinity":1}}}
,"/Users/will/Documents/dev/vienna/packages/ui/src/hooks/use-compact-mode.ts": {"path":"/Users/will/Documents/dev/vienna/packages/ui/src/hooks/use-compact-mode.ts","statementMap":{"0":{"start":{"line":17,"column":27},"end":{"line":17,"column":null}},"1":{"start":{"line":20,"column":32},"end":{"line":22,"column":null}},"2":{"start":{"line":24,"column":2},"end":{"line":31,"column":null}},"3":{"start":{"line":25,"column":16},"end":{"line":25,"column":null}},"4":{"start":{"line":26,"column":21},"end":{"line":26,"column":null}},"5":{"start":{"line":26,"column":49},"end":{"line":26,"column":null}},"6":{"start":{"line":28,"column":4},"end":{"line":28,"column":null}},"7":{"start":{"line":29,"column":4},"end":{"line":29,"column":null}},"8":{"start":{"line":30,"column":4},"end":{"line":30,"column":null}},"9":{"start":{"line":30,"column":17},"end":{"line":30,"column":null}},"10":{"start":{"line":33,"column":2},"end":{"line":33,"column":null}}},"fnMap":{"0":{"name":"useCompactMode","decl":{"start":{"line":19,"column":16},"end":{"line":19,"column":31}},"loc":{"start":{"line":19,"column":72},"end":{"line":34,"column":null}},"line":19},"1":{"name":"(anonymous_1)","decl":{"start":{"line":24,"column":12},"end":{"line":24,"column":18}},"loc":{"start":{"line":24,"column":18},"end":{"line":31,"column":5}},"line":24},"2":{"name":"(anonymous_2)","decl":{"start":{"line":26,"column":21},"end":{"line":26,"column":22}},"loc":{"start":{"line":26,"column":49},"end":{"line":26,"column":null}},"line":26},"3":{"name":"(anonymous_3)","decl":{"start":{"line":30,"column":11},"end":{"line":30,"column":17}},"loc":{"start":{"line":30,"column":17},"end":{"line":30,"column":null}},"line":30}},"branchMap":{"0":{"loc":{"start":{"line":19,"column":31},"end":{"line":19,"column":72}},"type":"default-arg","locations":[{"start":{"line":19,"column":52},"end":{"line":19,"column":72}}],"line":19},"1":{"loc":{"start":{"line":21,"column":4},"end":{"line":21,"column":null}},"type":"cond-expr","locations":[{"start":{"line":21,"column":36},"end":{"line":21,"column":69}},{"start":{"line":21,"column":69},"end":{"line":21,"column":null}}],"line":21}},"s":{"0":1,"1":9,"2":9,"3":6,"4":6,"5":2,"6":6,"7":6,"8":6,"9":6,"10":9},"f":{"0":9,"1":6,"2":2,"3":6},"b":{"0":[9],"1":[9,0]},"meta":{"lastBranch":2,"lastFunction":4,"lastStatement":11,"seen":{"s:17:27:17:Infinity":0,"f:19:16:19:31":0,"b:19:52:19:72":0,"s:20:32:22:Infinity":1,"b:21:36:21:69:21:69:21:Infinity":1,"s:24:2:31:Infinity":2,"f:24:12:24:18":1,"s:25:16:25:Infinity":3,"s:26:21:26:Infinity":4,"f:26:21:26:22":2,"s:26:49:26:Infinity":5,"s:28:4:28:Infinity":6,"s:29:4:29:Infinity":7,"s:30:4:30:Infinity":8,"f:30:11:30:17":3,"s:30:17:30:Infinity":9,"s:33:2:33:Infinity":10}}}
,"/Users/will/Documents/dev/vienna/packages/ui/src/utils/cn.ts": {"path":"/Users/will/Documents/dev/vienna/packages/ui/src/utils/cn.ts","statementMap":{"0":{"start":{"line":23,"column":2},"end":{"line":23,"column":null}}},"fnMap":{"0":{"name":"cn","decl":{"start":{"line":22,"column":16},"end":{"line":22,"column":22}},"loc":{"start":{"line":22,"column":44},"end":{"line":24,"column":null}},"line":22}},"branchMap":{},"s":{"0":28},"f":{"0":28},"b":{},"meta":{"lastBranch":0,"lastFunction":1,"lastStatement":1,"seen":{"f:22:16:22:22":0,"s:23:2:23:Infinity":0}}}
}
